<?xml version="1.0" encoding="UTF-8"?>
<!-- Generated by org.testng.reporters.JUnitReportReporter -->
<testsuite skipped="2" hostname="DESKTOP-N29E5RL" name="test_Script.Loging_Test" tests="4" failures="0" timestamp="2020-04-26T15:01:47 EDT" time="8.364" errors="0">
  <testcase name="verifyLoginValidCred" time="4.416" classname="test_Script.Loging_Test"/>
  <testcase name="verifyLoginValidCred" time="3.948" classname="test_Script.Loging_Test"/>
  <testcase name="verifyLoginInValidCred" classname="test_Script.Loging_Test">
    <skipped/>
  </testcase> <!-- verifyLoginInValidCred -->
  <testcase name="verifyLoginInValidCred" classname="test_Script.Loging_Test">
    <skipped/>
  </testcase> <!-- verifyLoginInValidCred -->
</testsuite> <!-- test_Script.Loging_Test -->
