<?xml version="1.0" encoding="UTF-8"?>
<!-- Generated by org.testng.reporters.JUnitReportReporter -->
<testsuite skipped="0" hostname="DESKTOP-N29E5RL" name="utitlities.BaseClass" tests="1" failures="0" timestamp="2020-04-15T17:30:32 EDT" time="30.335" errors="0">
  <testcase name="verifyLoginValidCred" time="30.335" classname="utitlities.BaseClass"/>
</testsuite> <!-- utitlities.BaseClass -->
