<?xml version="1.0" encoding="UTF-8"?>
<!-- Generated by org.testng.reporters.JUnitReportReporter -->
<testsuite skipped="1" hostname="DESKTOP-N29E5RL" name="test_Script.Loging_Test" tests="2" failures="0" timestamp="2020-04-25T12:25:55 EDT" time="3.182" errors="0">
  <testcase name="verifyLoginValidCred" time="3.182" classname="test_Script.Loging_Test"/>
  <testcase name="verifyLoginInValidCred" classname="test_Script.Loging_Test">
    <skipped/>
  </testcase> <!-- verifyLoginInValidCred -->
</testsuite> <!-- test_Script.Loging_Test -->
