<?xml version="1.0" encoding="UTF-8"?>
<!-- Generated by org.testng.reporters.JUnitReportReporter -->
<testsuite skipped="0" hostname="DESKTOP-N29E5RL" name="test_Script.FileUpload_Test" tests="1" failures="0" timestamp="2020-04-25T12:24:01 EDT" time="3.155" errors="0">
  <testcase name="filUpload" time="3.155" classname="test_Script.FileUpload_Test"/>
</testsuite> <!-- test_Script.FileUpload_Test -->
